<?xml version="1.0" encoding="UTF-8"?>
<!-- Generated by org.testng.reporters.JUnitReportReporter -->
<testsuite hostname="DESKTOP-34SBLB0" failures="0" tests="3" name="TestNG.Sessions.Searchcartdpassign" time="10.787" errors="0" timestamp="05 Sep 2023 04:59:01 GMT" skipped="0">
  <testcase classname="TestNG.Sessions.Searchcartdpassign" name="searchProduct" time="1.982"/>
  <testcase classname="TestNG.Sessions.Searchcartdpassign" name="searchProduct" time="4.997"/>
  <testcase classname="TestNG.Sessions.Searchcartdpassign" name="searchProduct" time="3.808"/>
</testsuite> <!-- TestNG.Sessions.Searchcartdpassign -->
