<?xml version="1.0" encoding="UTF-8"?>
<!-- Generated by org.testng.reporters.JUnitReportReporter -->
<testsuite hostname="DESKTOP-34SBLB0" failures="0" tests="1" name="TestNG.Sessions.ExpectedExceptions" time="0.202" errors="0" timestamp="05 Sep 2023 04:58:11 GMT" skipped="0">
  <testcase classname="TestNG.Sessions.ExpectedExceptions" name="loginTest" time="0.202"/>
</testsuite> <!-- TestNG.Sessions.ExpectedExceptions -->
